android/app/build/intermediates/manifest_merge_blame_file/release/manifest-merger-blame-release-report.txt
1<?xml version="1.0" encoding="utf-8"?>
2<manifest xmlns:android="http://schemas.android.com/apk/res/android"
3    package="com.dtps.app"
4    android:versionCode="1"
5    android:versionName="1.0" >
6
7    <uses-sdk
8        android:minSdkVersion="22"
9        android:targetSdkVersion="34" />
10
11    <!-- Permissions -->
12    <uses-permission android:name="android.permission.INTERNET" />
12-->src\main\AndroidManifest.xml:52:5-67
12-->src\main\AndroidManifest.xml:52:22-64
13    <uses-permission android:name="android.permission.ACCESS_NETWORK_STATE" />
13-->src\main\AndroidManifest.xml:53:5-79
13-->src\main\AndroidManifest.xml:53:22-76
14
15    <!-- Camera & Media -->
16    <uses-permission android:name="android.permission.CAMERA" />
16-->src\main\AndroidManifest.xml:56:5-65
16-->src\main\AndroidManifest.xml:56:22-62
17    <uses-permission
17-->src\main\AndroidManifest.xml:57:5-107
18        android:name="android.permission.READ_EXTERNAL_STORAGE"
18-->src\main\AndroidManifest.xml:57:22-77
19        android:maxSdkVersion="32" />
19-->src\main\AndroidManifest.xml:57:78-104
20    <uses-permission
20-->src\main\AndroidManifest.xml:58:5-108
21        android:name="android.permission.WRITE_EXTERNAL_STORAGE"
21-->src\main\AndroidManifest.xml:58:22-78
22        android:maxSdkVersion="29" />
22-->src\main\AndroidManifest.xml:58:79-105
23    <uses-permission android:name="android.permission.READ_MEDIA_IMAGES" />
23-->src\main\AndroidManifest.xml:59:5-76
23-->src\main\AndroidManifest.xml:59:22-73
24    <uses-permission android:name="android.permission.READ_MEDIA_VIDEO" />
24-->src\main\AndroidManifest.xml:60:5-75
24-->src\main\AndroidManifest.xml:60:22-72
25
26    <!-- Audio -->
27    <uses-permission android:name="android.permission.RECORD_AUDIO" />
27-->src\main\AndroidManifest.xml:63:5-71
27-->src\main\AndroidManifest.xml:63:22-68
28    <uses-permission android:name="android.permission.MODIFY_AUDIO_SETTINGS" />
28-->src\main\AndroidManifest.xml:64:5-80
28-->src\main\AndroidManifest.xml:64:22-77
29
30    <!-- Location (if needed) -->
31    <uses-permission android:name="android.permission.ACCESS_FINE_LOCATION" />
31-->src\main\AndroidManifest.xml:67:5-79
31-->src\main\AndroidManifest.xml:67:22-76
32    <uses-permission android:name="android.permission.ACCESS_COARSE_LOCATION" />
32-->src\main\AndroidManifest.xml:68:5-81
32-->src\main\AndroidManifest.xml:68:22-78
33
34    <!-- Push Notifications -->
35    <uses-permission android:name="android.permission.POST_NOTIFICATIONS" />
35-->src\main\AndroidManifest.xml:71:5-76
35-->src\main\AndroidManifest.xml:71:22-74
36    <uses-permission android:name="android.permission.VIBRATE" />
36-->src\main\AndroidManifest.xml:72:5-66
36-->src\main\AndroidManifest.xml:72:22-63
37    <uses-permission android:name="android.permission.RECEIVE_BOOT_COMPLETED" />
37-->src\main\AndroidManifest.xml:73:5-81
37-->src\main\AndroidManifest.xml:73:22-78
38
39    <!-- Optional features -->
40    <uses-feature
40-->src\main\AndroidManifest.xml:76:5-85
41        android:name="android.hardware.camera"
41-->src\main\AndroidManifest.xml:76:19-57
42        android:required="false" />
42-->src\main\AndroidManifest.xml:76:58-82
43    <uses-feature
43-->src\main\AndroidManifest.xml:77:5-95
44        android:name="android.hardware.camera.autofocus"
44-->src\main\AndroidManifest.xml:77:19-67
45        android:required="false" />
45-->src\main\AndroidManifest.xml:77:68-92
46    <uses-feature
46-->src\main\AndroidManifest.xml:78:5-91
47        android:name="android.hardware.location.gps"
47-->src\main\AndroidManifest.xml:78:19-63
48        android:required="false" />
48-->src\main\AndroidManifest.xml:78:64-88
49
50    <queries>
50-->[:capacitor-browser] AndroidManifest.xml:7:5-11:15
51        <intent>
51-->[:capacitor-browser] AndroidManifest.xml:8:9-10:18
52            <action android:name="android.support.customtabs.action.CustomTabsService" />
52-->[:capacitor-browser] AndroidManifest.xml:9:13-90
52-->[:capacitor-browser] AndroidManifest.xml:9:21-87
53        </intent>
54        <intent>
54-->[:capacitor-camera] AndroidManifest.xml:8:9-10:18
55            <action android:name="android.media.action.IMAGE_CAPTURE" />
55-->[:capacitor-camera] AndroidManifest.xml:9:13-73
55-->[:capacitor-camera] AndroidManifest.xml:9:21-70
56        </intent>
57    </queries>
58
59    <uses-permission android:name="android.permission.WAKE_LOCK" /> <!-- Required by older versions of Google Play services to create IID tokens -->
59-->[com.google.firebase:firebase-messaging:23.3.1] AndroidManifest.xml:24:5-68
59-->[com.google.firebase:firebase-messaging:23.3.1] AndroidManifest.xml:24:22-65
60    <uses-permission android:name="com.google.android.c2dm.permission.RECEIVE" />
60-->[com.google.firebase:firebase-messaging:23.3.1] AndroidManifest.xml:26:5-82
60-->[com.google.firebase:firebase-messaging:23.3.1] AndroidManifest.xml:26:22-79
61
62    <permission
62-->[androidx.core:core:1.12.0] AndroidManifest.xml:22:5-24:47
63        android:name="com.dtps.app.DYNAMIC_RECEIVER_NOT_EXPORTED_PERMISSION"
63-->[androidx.core:core:1.12.0] AndroidManifest.xml:23:9-81
64        android:protectionLevel="signature" />
64-->[androidx.core:core:1.12.0] AndroidManifest.xml:24:9-44
65
66    <uses-permission android:name="com.dtps.app.DYNAMIC_RECEIVER_NOT_EXPORTED_PERMISSION" />
66-->[androidx.core:core:1.12.0] AndroidManifest.xml:26:5-97
66-->[androidx.core:core:1.12.0] AndroidManifest.xml:26:22-94
67
68    <application
68-->src\main\AndroidManifest.xml:4:5-49:19
69        android:allowBackup="true"
69-->src\main\AndroidManifest.xml:5:9-35
70        android:appComponentFactory="androidx.core.app.CoreComponentFactory"
70-->[androidx.core:core:1.12.0] AndroidManifest.xml:28:18-86
71        android:extractNativeLibs="true"
72        android:icon="@mipmap/ic_launcher"
72-->src\main\AndroidManifest.xml:6:9-43
73        android:label="@string/app_name"
73-->src\main\AndroidManifest.xml:7:9-41
74        android:networkSecurityConfig="@xml/network_security_config"
74-->src\main\AndroidManifest.xml:12:9-69
75        android:roundIcon="@mipmap/ic_launcher_round"
75-->src\main\AndroidManifest.xml:8:9-54
76        android:supportsRtl="true"
76-->src\main\AndroidManifest.xml:9:9-35
77        android:theme="@style/AppTheme"
77-->src\main\AndroidManifest.xml:10:9-40
78        android:usesCleartextTraffic="false" >
78-->src\main\AndroidManifest.xml:11:9-45
79        <activity
79-->src\main\AndroidManifest.xml:14:9-38:20
80            android:name="com.dtps.app.MainActivity"
80-->src\main\AndroidManifest.xml:16:13-41
81            android:configChanges="orientation|keyboardHidden|keyboard|screenSize|locale|smallestScreenSize|screenLayout|uiMode|navigation|density"
81-->src\main\AndroidManifest.xml:15:13-148
82            android:exported="true"
82-->src\main\AndroidManifest.xml:22:13-36
83            android:label="@string/title_activity_main"
83-->src\main\AndroidManifest.xml:17:13-56
84            android:launchMode="singleTask"
84-->src\main\AndroidManifest.xml:19:13-44
85            android:screenOrientation="portrait"
85-->src\main\AndroidManifest.xml:20:13-49
86            android:theme="@style/AppTheme.NoActionBarLaunch"
86-->src\main\AndroidManifest.xml:18:13-62
87            android:windowSoftInputMode="adjustResize" >
87-->src\main\AndroidManifest.xml:21:13-55
88            <intent-filter>
88-->src\main\AndroidManifest.xml:24:13-27:29
89                <action android:name="android.intent.action.MAIN" />
89-->src\main\AndroidManifest.xml:25:17-69
89-->src\main\AndroidManifest.xml:25:25-66
90
91                <category android:name="android.intent.category.LAUNCHER" />
91-->src\main\AndroidManifest.xml:26:17-77
91-->src\main\AndroidManifest.xml:26:27-74
92            </intent-filter>
93
94            <!-- Deep Link Handler -->
95            <intent-filter android:autoVerify="true" >
95-->src\main\AndroidManifest.xml:30:13-36:29
95-->src\main\AndroidManifest.xml:30:28-53
96                <action android:name="android.intent.action.VIEW" />
96-->src\main\AndroidManifest.xml:31:17-69
96-->src\main\AndroidManifest.xml:31:25-66
97
98                <category android:name="android.intent.category.DEFAULT" />
98-->src\main\AndroidManifest.xml:32:17-76
98-->src\main\AndroidManifest.xml:32:27-73
99                <category android:name="android.intent.category.BROWSABLE" />
99-->src\main\AndroidManifest.xml:33:17-78
99-->src\main\AndroidManifest.xml:33:27-75
100
101                <data
101-->src\main\AndroidManifest.xml:34:17-73
102                    android:host="dtps.tech"
102-->src\main\AndroidManifest.xml:34:46-70
103                    android:scheme="https" />
103-->src\main\AndroidManifest.xml:34:23-45
104                <data android:scheme="dtps" />
104-->src\main\AndroidManifest.xml:34:17-73
104-->src\main\AndroidManifest.xml:34:23-45
105            </intent-filter>
106        </activity>
107
108        <provider
109            android:name="androidx.core.content.FileProvider"
109-->src\main\AndroidManifest.xml:41:13-62
110            android:authorities="com.dtps.app.fileprovider"
110-->src\main\AndroidManifest.xml:42:13-64
111            android:exported="false"
111-->src\main\AndroidManifest.xml:43:13-37
112            android:grantUriPermissions="true" >
112-->src\main\AndroidManifest.xml:44:13-47
113            <meta-data
113-->src\main\AndroidManifest.xml:45:13-47:64
114                android:name="android.support.FILE_PROVIDER_PATHS"
114-->src\main\AndroidManifest.xml:46:17-67
115                android:resource="@xml/file_paths" />
115-->src\main\AndroidManifest.xml:47:17-51
116        </provider>
117
118        <activity
118-->[:capacitor-browser] AndroidManifest.xml:14:9-18:75
119            android:name="com.capacitorjs.plugins.browser.BrowserControllerActivity"
119-->[:capacitor-browser] AndroidManifest.xml:15:13-85
120            android:exported="false"
120-->[:capacitor-browser] AndroidManifest.xml:16:13-37
121            android:launchMode="singleTask"
121-->[:capacitor-browser] AndroidManifest.xml:17:13-44
122            android:theme="@android:style/Theme.Translucent.NoTitleBar" />
122-->[:capacitor-browser] AndroidManifest.xml:18:13-72
123
124        <service
124-->[:capacitor-push-notifications] AndroidManifest.xml:8:9-14:19
125            android:name="com.capacitorjs.plugins.pushnotifications.MessagingService"
125-->[:capacitor-push-notifications] AndroidManifest.xml:9:13-86
126            android:exported="false" >
126-->[:capacitor-push-notifications] AndroidManifest.xml:10:13-37
127            <intent-filter>
127-->[:capacitor-push-notifications] AndroidManifest.xml:11:13-13:29
128                <action android:name="com.google.firebase.MESSAGING_EVENT" />
128-->[:capacitor-push-notifications] AndroidManifest.xml:12:17-78
128-->[:capacitor-push-notifications] AndroidManifest.xml:12:25-75
129            </intent-filter>
130        </service>
131
132        <receiver
132-->[com.google.firebase:firebase-messaging:23.3.1] AndroidManifest.xml:29:9-40:20
133            android:name="com.google.firebase.iid.FirebaseInstanceIdReceiver"
133-->[com.google.firebase:firebase-messaging:23.3.1] AndroidManifest.xml:30:13-78
134            android:exported="true"
134-->[com.google.firebase:firebase-messaging:23.3.1] AndroidManifest.xml:31:13-36
135            android:permission="com.google.android.c2dm.permission.SEND" >
135-->[com.google.firebase:firebase-messaging:23.3.1] AndroidManifest.xml:32:13-73
136            <intent-filter>
136-->[com.google.firebase:firebase-messaging:23.3.1] AndroidManifest.xml:33:13-35:29
137                <action android:name="com.google.android.c2dm.intent.RECEIVE" />
137-->[com.google.firebase:firebase-messaging:23.3.1] AndroidManifest.xml:34:17-81
137-->[com.google.firebase:firebase-messaging:23.3.1] AndroidManifest.xml:34:25-78
138            </intent-filter>
139
140            <meta-data
140-->[com.google.firebase:firebase-messaging:23.3.1] AndroidManifest.xml:37:13-39:40
141                android:name="com.google.android.gms.cloudmessaging.FINISHED_AFTER_HANDLED"
141-->[com.google.firebase:firebase-messaging:23.3.1] AndroidManifest.xml:38:17-92
142                android:value="true" />
142-->[com.google.firebase:firebase-messaging:23.3.1] AndroidManifest.xml:39:17-37
143        </receiver>
144        <!--
145             FirebaseMessagingService performs security checks at runtime,
146             but set to not exported to explicitly avoid allowing another app to call it.
147        -->
148        <service
148-->[com.google.firebase:firebase-messaging:23.3.1] AndroidManifest.xml:46:9-53:19
149            android:name="com.google.firebase.messaging.FirebaseMessagingService"
149-->[com.google.firebase:firebase-messaging:23.3.1] AndroidManifest.xml:47:13-82
150            android:directBootAware="true"
150-->[com.google.firebase:firebase-messaging:23.3.1] AndroidManifest.xml:48:13-43
151            android:exported="false" >
151-->[com.google.firebase:firebase-messaging:23.3.1] AndroidManifest.xml:49:13-37
152            <intent-filter android:priority="-500" >
152-->[:capacitor-push-notifications] AndroidManifest.xml:11:13-13:29
153                <action android:name="com.google.firebase.MESSAGING_EVENT" />
153-->[:capacitor-push-notifications] AndroidManifest.xml:12:17-78
153-->[:capacitor-push-notifications] AndroidManifest.xml:12:25-75
154            </intent-filter>
155        </service>
156        <service
156-->[com.google.firebase:firebase-messaging:23.3.1] AndroidManifest.xml:54:9-63:19
157            android:name="com.google.firebase.components.ComponentDiscoveryService"
157-->[com.google.firebase:firebase-messaging:23.3.1] AndroidManifest.xml:55:13-84
158            android:directBootAware="true"
158-->[com.google.firebase:firebase-common:20.4.2] AndroidManifest.xml:32:13-43
159            android:exported="false" >
159-->[com.google.firebase:firebase-messaging:23.3.1] AndroidManifest.xml:56:13-37
160            <meta-data
160-->[com.google.firebase:firebase-messaging:23.3.1] AndroidManifest.xml:57:13-59:85
161                android:name="com.google.firebase.components:com.google.firebase.messaging.FirebaseMessagingKtxRegistrar"
161-->[com.google.firebase:firebase-messaging:23.3.1] AndroidManifest.xml:58:17-122
162                android:value="com.google.firebase.components.ComponentRegistrar" />
162-->[com.google.firebase:firebase-messaging:23.3.1] AndroidManifest.xml:59:17-82
163            <meta-data
163-->[com.google.firebase:firebase-messaging:23.3.1] AndroidManifest.xml:60:13-62:85
164                android:name="com.google.firebase.components:com.google.firebase.messaging.FirebaseMessagingRegistrar"
164-->[com.google.firebase:firebase-messaging:23.3.1] AndroidManifest.xml:61:17-119
165                android:value="com.google.firebase.components.ComponentRegistrar" />
165-->[com.google.firebase:firebase-messaging:23.3.1] AndroidManifest.xml:62:17-82
166            <meta-data
166-->[com.google.firebase:firebase-installations:17.2.0] AndroidManifest.xml:15:13-17:85
167                android:name="com.google.firebase.components:com.google.firebase.installations.FirebaseInstallationsKtxRegistrar"
167-->[com.google.firebase:firebase-installations:17.2.0] AndroidManifest.xml:16:17-130
168                android:value="com.google.firebase.components.ComponentRegistrar" />
168-->[com.google.firebase:firebase-installations:17.2.0] AndroidManifest.xml:17:17-82
169            <meta-data
169-->[com.google.firebase:firebase-installations:17.2.0] AndroidManifest.xml:18:13-20:85
170                android:name="com.google.firebase.components:com.google.firebase.installations.FirebaseInstallationsRegistrar"
170-->[com.google.firebase:firebase-installations:17.2.0] AndroidManifest.xml:19:17-127
171                android:value="com.google.firebase.components.ComponentRegistrar" />
171-->[com.google.firebase:firebase-installations:17.2.0] AndroidManifest.xml:20:17-82
172            <meta-data
172-->[com.google.firebase:firebase-common-ktx:20.4.2] AndroidManifest.xml:12:13-14:85
173                android:name="com.google.firebase.components:com.google.firebase.ktx.FirebaseCommonLegacyRegistrar"
173-->[com.google.firebase:firebase-common-ktx:20.4.2] AndroidManifest.xml:13:17-116
174                android:value="com.google.firebase.components.ComponentRegistrar" />
174-->[com.google.firebase:firebase-common-ktx:20.4.2] AndroidManifest.xml:14:17-82
175            <meta-data
175-->[com.google.firebase:firebase-common:20.4.2] AndroidManifest.xml:35:13-37:85
176                android:name="com.google.firebase.components:com.google.firebase.FirebaseCommonKtxRegistrar"
176-->[com.google.firebase:firebase-common:20.4.2] AndroidManifest.xml:36:17-109
177                android:value="com.google.firebase.components.ComponentRegistrar" />
177-->[com.google.firebase:firebase-common:20.4.2] AndroidManifest.xml:37:17-82
178            <meta-data
178-->[com.google.firebase:firebase-datatransport:18.1.7] AndroidManifest.xml:27:13-29:85
179                android:name="com.google.firebase.components:com.google.firebase.datatransport.TransportRegistrar"
179-->[com.google.firebase:firebase-datatransport:18.1.7] AndroidManifest.xml:28:17-115
180                android:value="com.google.firebase.components.ComponentRegistrar" />
180-->[com.google.firebase:firebase-datatransport:18.1.7] AndroidManifest.xml:29:17-82
181        </service>
182
183        <activity
183-->[com.google.android.gms:play-services-base:18.1.0] AndroidManifest.xml:20:9-22:45
184            android:name="com.google.android.gms.common.api.GoogleApiActivity"
184-->[com.google.android.gms:play-services-base:18.1.0] AndroidManifest.xml:20:19-85
185            android:exported="false"
185-->[com.google.android.gms:play-services-base:18.1.0] AndroidManifest.xml:22:19-43
186            android:theme="@android:style/Theme.Translucent.NoTitleBar" />
186-->[com.google.android.gms:play-services-base:18.1.0] AndroidManifest.xml:21:19-78
187
188        <provider
188-->[com.google.firebase:firebase-common:20.4.2] AndroidManifest.xml:23:9-28:39
189            android:name="com.google.firebase.provider.FirebaseInitProvider"
189-->[com.google.firebase:firebase-common:20.4.2] AndroidManifest.xml:24:13-77
190            android:authorities="com.dtps.app.firebaseinitprovider"
190-->[com.google.firebase:firebase-common:20.4.2] AndroidManifest.xml:25:13-72
191            android:directBootAware="true"
191-->[com.google.firebase:firebase-common:20.4.2] AndroidManifest.xml:26:13-43
192            android:exported="false"
192-->[com.google.firebase:firebase-common:20.4.2] AndroidManifest.xml:27:13-37
193            android:initOrder="100" />
193-->[com.google.firebase:firebase-common:20.4.2] AndroidManifest.xml:28:13-36
194        <provider
194-->[androidx.emoji2:emoji2:1.2.0] AndroidManifest.xml:24:9-32:20
195            android:name="androidx.startup.InitializationProvider"
195-->[androidx.emoji2:emoji2:1.2.0] AndroidManifest.xml:25:13-67
196            android:authorities="com.dtps.app.androidx-startup"
196-->[androidx.emoji2:emoji2:1.2.0] AndroidManifest.xml:26:13-68
197            android:exported="false" >
197-->[androidx.emoji2:emoji2:1.2.0] AndroidManifest.xml:27:13-37
198            <meta-data
198-->[androidx.emoji2:emoji2:1.2.0] AndroidManifest.xml:29:13-31:52
199                android:name="androidx.emoji2.text.EmojiCompatInitializer"
199-->[androidx.emoji2:emoji2:1.2.0] AndroidManifest.xml:30:17-75
200                android:value="androidx.startup" />
200-->[androidx.emoji2:emoji2:1.2.0] AndroidManifest.xml:31:17-49
201            <meta-data
201-->[androidx.lifecycle:lifecycle-process:2.6.1] AndroidManifest.xml:29:13-31:52
202                android:name="androidx.lifecycle.ProcessLifecycleInitializer"
202-->[androidx.lifecycle:lifecycle-process:2.6.1] AndroidManifest.xml:30:17-78
203                android:value="androidx.startup" />
203-->[androidx.lifecycle:lifecycle-process:2.6.1] AndroidManifest.xml:31:17-49
204            <meta-data
204-->[androidx.profileinstaller:profileinstaller:1.3.0] AndroidManifest.xml:29:13-31:52
205                android:name="androidx.profileinstaller.ProfileInstallerInitializer"
205-->[androidx.profileinstaller:profileinstaller:1.3.0] AndroidManifest.xml:30:17-85
206                android:value="androidx.startup" />
206-->[androidx.profileinstaller:profileinstaller:1.3.0] AndroidManifest.xml:31:17-49
207        </provider>
208
209        <meta-data
209-->[com.google.android.gms:play-services-basement:18.1.0] AndroidManifest.xml:21:9-23:69
210            android:name="com.google.android.gms.version"
210-->[com.google.android.gms:play-services-basement:18.1.0] AndroidManifest.xml:22:13-58
211            android:value="@integer/google_play_services_version" />
211-->[com.google.android.gms:play-services-basement:18.1.0] AndroidManifest.xml:23:13-66
212
213        <receiver
213-->[androidx.profileinstaller:profileinstaller:1.3.0] AndroidManifest.xml:34:9-52:20
214            android:name="androidx.profileinstaller.ProfileInstallReceiver"
214-->[androidx.profileinstaller:profileinstaller:1.3.0] AndroidManifest.xml:35:13-76
215            android:directBootAware="false"
215-->[androidx.profileinstaller:profileinstaller:1.3.0] AndroidManifest.xml:36:13-44
216            android:enabled="true"
216-->[androidx.profileinstaller:profileinstaller:1.3.0] AndroidManifest.xml:37:13-35
217            android:exported="true"
217-->[androidx.profileinstaller:profileinstaller:1.3.0] AndroidManifest.xml:38:13-36
218            android:permission="android.permission.DUMP" >
218-->[androidx.profileinstaller:profileinstaller:1.3.0] AndroidManifest.xml:39:13-57
219            <intent-filter>
219-->[androidx.profileinstaller:profileinstaller:1.3.0] AndroidManifest.xml:40:13-42:29
220                <action android:name="androidx.profileinstaller.action.INSTALL_PROFILE" />
220-->[androidx.profileinstaller:profileinstaller:1.3.0] AndroidManifest.xml:41:17-91
220-->[androidx.profileinstaller:profileinstaller:1.3.0] AndroidManifest.xml:41:25-88
221            </intent-filter>
222            <intent-filter>
222-->[androidx.profileinstaller:profileinstaller:1.3.0] AndroidManifest.xml:43:13-45:29
223                <action android:name="androidx.profileinstaller.action.SKIP_FILE" />
223-->[androidx.profileinstaller:profileinstaller:1.3.0] AndroidManifest.xml:44:17-85
223-->[androidx.profileinstaller:profileinstaller:1.3.0] AndroidManifest.xml:44:25-82
224            </intent-filter>
225            <intent-filter>
225-->[androidx.profileinstaller:profileinstaller:1.3.0] AndroidManifest.xml:46:13-48:29
226                <action android:name="androidx.profileinstaller.action.SAVE_PROFILE" />
226-->[androidx.profileinstaller:profileinstaller:1.3.0] AndroidManifest.xml:47:17-88
226-->[androidx.profileinstaller:profileinstaller:1.3.0] AndroidManifest.xml:47:25-85
227            </intent-filter>
228            <intent-filter>
228-->[androidx.profileinstaller:profileinstaller:1.3.0] AndroidManifest.xml:49:13-51:29
229                <action android:name="androidx.profileinstaller.action.BENCHMARK_OPERATION" />
229-->[androidx.profileinstaller:profileinstaller:1.3.0] AndroidManifest.xml:50:17-95
229-->[androidx.profileinstaller:profileinstaller:1.3.0] AndroidManifest.xml:50:25-92
230            </intent-filter>
231        </receiver>
232
233        <service
233-->[com.google.android.datatransport:transport-backend-cct:3.1.8] AndroidManifest.xml:28:9-34:19
234            android:name="com.google.android.datatransport.runtime.backends.TransportBackendDiscovery"
234-->[com.google.android.datatransport:transport-backend-cct:3.1.8] AndroidManifest.xml:29:13-103
235            android:exported="false" >
235-->[com.google.android.datatransport:transport-backend-cct:3.1.8] AndroidManifest.xml:30:13-37
236            <meta-data
236-->[com.google.android.datatransport:transport-backend-cct:3.1.8] AndroidManifest.xml:31:13-33:39
237                android:name="backend:com.google.android.datatransport.cct.CctBackendFactory"
237-->[com.google.android.datatransport:transport-backend-cct:3.1.8] AndroidManifest.xml:32:17-94
238                android:value="cct" />
238-->[com.google.android.datatransport:transport-backend-cct:3.1.8] AndroidManifest.xml:33:17-36
239        </service>
240        <service
240-->[com.google.android.datatransport:transport-runtime:3.1.8] AndroidManifest.xml:26:9-30:19
241            android:name="com.google.android.datatransport.runtime.scheduling.jobscheduling.JobInfoSchedulerService"
241-->[com.google.android.datatransport:transport-runtime:3.1.8] AndroidManifest.xml:27:13-117
242            android:exported="false"
242-->[com.google.android.datatransport:transport-runtime:3.1.8] AndroidManifest.xml:28:13-37
243            android:permission="android.permission.BIND_JOB_SERVICE" >
243-->[com.google.android.datatransport:transport-runtime:3.1.8] AndroidManifest.xml:29:13-69
244        </service>
245
246        <receiver
246-->[com.google.android.datatransport:transport-runtime:3.1.8] AndroidManifest.xml:32:9-34:40
247            android:name="com.google.android.datatransport.runtime.scheduling.jobscheduling.AlarmManagerSchedulerBroadcastReceiver"
247-->[com.google.android.datatransport:transport-runtime:3.1.8] AndroidManifest.xml:33:13-132
248            android:exported="false" />
248-->[com.google.android.datatransport:transport-runtime:3.1.8] AndroidManifest.xml:34:13-37
249    </application>
250
251</manifest>